mode: set
github.com/tankubopa777/assessment-tax/module/repository/admin_repository.go:13.70,15.2 1 1
github.com/tankubopa777/assessment-tax/module/repository/admin_repository.go:17.84,20.19 3 1
github.com/tankubopa777/assessment-tax/module/repository/admin_repository.go:20.19,22.6 1 1
github.com/tankubopa777/assessment-tax/module/repository/admin_repository.go:23.5,23.25 1 1
github.com/tankubopa777/assessment-tax/module/repository/admin_repository.go:26.81,29.2 2 1
github.com/tankubopa777/assessment-tax/module/repository/admin_repository.go:31.73,34.2 2 1
github.com/tankubopa777/assessment-tax/module/repository/tax_repository.go:15.66,17.2 1 1
github.com/tankubopa777/assessment-tax/module/repository/tax_repository.go:19.117,34.19 7 1
github.com/tankubopa777/assessment-tax/module/repository/tax_repository.go:34.19,36.6 1 1
github.com/tankubopa777/assessment-tax/module/repository/tax_repository.go:38.5,39.19 2 1
github.com/tankubopa777/assessment-tax/module/repository/tax_repository.go:39.19,41.6 1 0
github.com/tankubopa777/assessment-tax/module/repository/tax_repository.go:43.5,43.48 1 1
github.com/tankubopa777/assessment-tax/module/repository/tax_repository.go:43.48,44.40 1 1
github.com/tankubopa777/assessment-tax/module/repository/tax_repository.go:45.25,47.43 2 1
github.com/tankubopa777/assessment-tax/module/repository/tax_repository.go:47.43,49.14 1 1
github.com/tankubopa777/assessment-tax/module/repository/tax_repository.go:50.26,52.50 2 1
github.com/tankubopa777/assessment-tax/module/repository/tax_repository.go:52.50,54.14 1 0
github.com/tankubopa777/assessment-tax/module/repository/tax_repository.go:58.5,66.41 6 1
github.com/tankubopa777/assessment-tax/module/repository/tax_repository.go:66.41,68.37 2 1
github.com/tankubopa777/assessment-tax/module/repository/tax_repository.go:68.37,70.10 1 1
github.com/tankubopa777/assessment-tax/module/repository/tax_repository.go:70.15,70.46 1 1
github.com/tankubopa777/assessment-tax/module/repository/tax_repository.go:70.46,72.10 1 1
github.com/tankubopa777/assessment-tax/module/repository/tax_repository.go:74.9,78.62 4 1
github.com/tankubopa777/assessment-tax/module/repository/tax_repository.go:78.62,82.10 3 1
github.com/tankubopa777/assessment-tax/module/repository/tax_repository.go:84.9,87.10 1 1
github.com/tankubopa777/assessment-tax/module/repository/tax_repository.go:90.5,90.29 1 1
github.com/tankubopa777/assessment-tax/module/repository/tax_repository.go:90.29,92.28 2 1
github.com/tankubopa777/assessment-tax/module/repository/tax_repository.go:92.28,94.10 1 0
github.com/tankubopa777/assessment-tax/module/repository/tax_repository.go:95.9,95.79 1 1
github.com/tankubopa777/assessment-tax/module/repository/tax_repository.go:98.5,100.21 3 1
github.com/tankubopa777/assessment-tax/module/repository/tax_repository.go:100.21,103.6 2 0
github.com/tankubopa777/assessment-tax/module/repository/tax_repository.go:105.5,109.11 1 1
