mode: set
github.com/tankubopa777/assessment-tax/module/repository/taxrepository.go:14.66,16.2 1 1
github.com/tankubopa777/assessment-tax/module/repository/taxrepository.go:18.117,31.48 5 1
github.com/tankubopa777/assessment-tax/module/repository/taxrepository.go:31.48,32.40 1 1
github.com/tankubopa777/assessment-tax/module/repository/taxrepository.go:33.25,35.43 2 1
github.com/tankubopa777/assessment-tax/module/repository/taxrepository.go:35.43,37.14 1 0
github.com/tankubopa777/assessment-tax/module/repository/taxrepository.go:38.26,40.42 2 1
github.com/tankubopa777/assessment-tax/module/repository/taxrepository.go:40.42,42.14 1 0
github.com/tankubopa777/assessment-tax/module/repository/taxrepository.go:46.5,54.41 6 1
github.com/tankubopa777/assessment-tax/module/repository/taxrepository.go:54.41,56.37 2 1
github.com/tankubopa777/assessment-tax/module/repository/taxrepository.go:56.37,58.10 1 1
github.com/tankubopa777/assessment-tax/module/repository/taxrepository.go:58.15,58.46 1 1
github.com/tankubopa777/assessment-tax/module/repository/taxrepository.go:58.46,60.10 1 1
github.com/tankubopa777/assessment-tax/module/repository/taxrepository.go:62.9,66.62 4 1
github.com/tankubopa777/assessment-tax/module/repository/taxrepository.go:66.62,70.10 3 1
github.com/tankubopa777/assessment-tax/module/repository/taxrepository.go:72.9,75.10 1 1
github.com/tankubopa777/assessment-tax/module/repository/taxrepository.go:78.5,78.29 1 1
github.com/tankubopa777/assessment-tax/module/repository/taxrepository.go:78.29,80.28 2 1
github.com/tankubopa777/assessment-tax/module/repository/taxrepository.go:80.28,82.10 1 1
github.com/tankubopa777/assessment-tax/module/repository/taxrepository.go:83.9,83.79 1 1
github.com/tankubopa777/assessment-tax/module/repository/taxrepository.go:87.5,89.21 3 1
github.com/tankubopa777/assessment-tax/module/repository/taxrepository.go:89.21,92.6 2 1
github.com/tankubopa777/assessment-tax/module/repository/taxrepository.go:94.5,98.11 1 1
